[0.560s] Invoking command in '/home/sezer/FENER/ros2_fener_v2/src/fener_package_v2': PYTHONPATH=/home/sezer/FENER/ros2_fener_v2/install/fener_package_v2/lib/python3.8/site-packages:${PYTHONPATH} /usr/bin/python3 setup.py egg_info --egg-base ../../build/fener_package_v2 build --build-base /home/sezer/FENER/ros2_fener_v2/build/fener_package_v2/build install --prefix /home/sezer/FENER/ros2_fener_v2/install/fener_package_v2 --record /home/sezer/FENER/ros2_fener_v2/build/fener_package_v2/install.log --single-version-externally-managed
[0.736s] /usr/local/lib/python3.8/dist-packages/setuptools/dist.py:723: UserWarning: Usage of dash-separated 'script-dir' will not be supported in future versions. Please use the underscore name 'script_dir' instead
[0.736s]   warnings.warn(
[0.736s] /usr/local/lib/python3.8/dist-packages/setuptools/dist.py:723: UserWarning: Usage of dash-separated 'install-scripts' will not be supported in future versions. Please use the underscore name 'install_scripts' instead
[0.736s]   warnings.warn(
[0.755s] running egg_info
[0.758s] writing manifest file '../../build/fener_package_v2/fener_package_v2.egg-info/SOURCES.txt'
[0.758s] running build
[0.758s] running build_py
[0.758s] copying fener_package_v2/fener_arduino_comm.py -> /home/sezer/FENER/ros2_fener_v2/build/fener_package_v2/build/lib/fener_package_v2
[0.758s] running install
[0.758s] /usr/local/lib/python3.8/dist-packages/setuptools/command/install.py:34: SetuptoolsDeprecationWarning: setup.py install is deprecated. Use build and pip and other standards-based tools.
[0.758s]   warnings.warn(
[0.760s] running install_lib
[0.760s] byte-compiling /home/sezer/FENER/ros2_fener_v2/install/fener_package_v2/lib/python3.8/site-packages/fener_package_v2/fener_arduino_comm.py to fener_arduino_comm.cpython-38.pyc
[0.761s] running install_data
[0.761s] copying launch/fener_TF.launch.py -> /home/sezer/FENER/ros2_fener_v2/install/fener_package_v2/share/fener_package_v2
[0.761s] running install_egg_info
[0.762s] removing '/home/sezer/FENER/ros2_fener_v2/install/fener_package_v2/lib/python3.8/site-packages/fener_package_v2-0.0.0-py3.8.egg-info' (and everything under it)
[0.763s] Copying ../../build/fener_package_v2/fener_package_v2.egg-info to /home/sezer/FENER/ros2_fener_v2/install/fener_package_v2/lib/python3.8/site-packages/fener_package_v2-0.0.0-py3.8.egg-info
[0.763s] running install_scripts
[0.774s] writing list of installed files to '/home/sezer/FENER/ros2_fener_v2/build/fener_package_v2/install.log'
[0.788s] Invoked command in '/home/sezer/FENER/ros2_fener_v2/src/fener_package_v2' returned '0': PYTHONPATH=/home/sezer/FENER/ros2_fener_v2/install/fener_package_v2/lib/python3.8/site-packages:${PYTHONPATH} /usr/bin/python3 setup.py egg_info --egg-base ../../build/fener_package_v2 build --build-base /home/sezer/FENER/ros2_fener_v2/build/fener_package_v2/build install --prefix /home/sezer/FENER/ros2_fener_v2/install/fener_package_v2 --record /home/sezer/FENER/ros2_fener_v2/build/fener_package_v2/install.log --single-version-externally-managed
