[0.578s] Invoking command in '/home/sezer/FENER/ros2_fener_v2/build/fener_package_v2': PYTHONPATH=/home/sezer/FENER/ros2_fener_v2/install/fener_package_v2/lib/python3.8/site-packages:${PYTHONPATH} /usr/bin/python3 setup.py develop --prefix /home/sezer/FENER/ros2_fener_v2/install/fener_package_v2 --editable --build-directory /home/sezer/FENER/ros2_fener_v2/build/fener_package_v2/build --no-deps install_data --install-dir /home/sezer/FENER/ros2_fener_v2/install/fener_package_v2
[0.759s] /home/sezer/.local/lib/python3.8/site-packages/setuptools/dist.py:723: UserWarning: Usage of dash-separated 'script-dir' will not be supported in future versions. Please use the underscore name 'script_dir' instead
[0.759s]   warnings.warn(
[0.759s] /home/sezer/.local/lib/python3.8/site-packages/setuptools/dist.py:723: UserWarning: Usage of dash-separated 'install-scripts' will not be supported in future versions. Please use the underscore name 'install_scripts' instead
[0.759s]   warnings.warn(
[0.795s] running develop
[0.795s] /home/sezer/.local/lib/python3.8/site-packages/setuptools/command/easy_install.py:156: EasyInstallDeprecationWarning: easy_install command is deprecated. Use build and pip and other standards-based tools.
[0.796s]   warnings.warn(
[0.797s] /home/sezer/.local/lib/python3.8/site-packages/setuptools/command/install.py:34: SetuptoolsDeprecationWarning: setup.py install is deprecated. Use build and pip and other standards-based tools.
[0.797s]   warnings.warn(
[0.846s] /home/sezer/.local/lib/python3.8/site-packages/pkg_resources/__init__.py:116: PkgResourcesDeprecationWarning: 0.23ubuntu1 is an invalid version and will not be supported in a future release
[0.846s]   warnings.warn(
[0.846s] /home/sezer/.local/lib/python3.8/site-packages/pkg_resources/__init__.py:116: PkgResourcesDeprecationWarning: 0.1.36ubuntu1 is an invalid version and will not be supported in a future release
[0.846s]   warnings.warn(
[0.846s] /home/sezer/.local/lib/python3.8/site-packages/pkg_resources/__init__.py:116: PkgResourcesDeprecationWarning: 1.13.1-unknown is an invalid version and will not be supported in a future release
[0.846s]   warnings.warn(
[0.846s] /home/sezer/.local/lib/python3.8/site-packages/pkg_resources/__init__.py:116: PkgResourcesDeprecationWarning: 0.3.11py3 is an invalid version and will not be supported in a future release
[0.846s]   warnings.warn(
[0.936s] running egg_info
[0.939s] writing manifest file 'fener_package_v2.egg-info/SOURCES.txt'
[0.961s] running build_ext
[0.962s] running install_data
[0.982s] Invoked command in '/home/sezer/FENER/ros2_fener_v2/build/fener_package_v2' returned '0': PYTHONPATH=/home/sezer/FENER/ros2_fener_v2/install/fener_package_v2/lib/python3.8/site-packages:${PYTHONPATH} /usr/bin/python3 setup.py develop --prefix /home/sezer/FENER/ros2_fener_v2/install/fener_package_v2 --editable --build-directory /home/sezer/FENER/ros2_fener_v2/build/fener_package_v2/build --no-deps install_data --install-dir /home/sezer/FENER/ros2_fener_v2/install/fener_package_v2
