[0.294s] DEBUG:colcon:Command line arguments: ['/usr/bin/colcon', 'build']
[0.294s] DEBUG:colcon:Parsed command line arguments: Namespace(allow_overriding=[], ament_cmake_args=None, base_paths=['.'], build_base='build', catkin_cmake_args=None, catkin_skip_building_tests=False, cmake_args=None, cmake_clean_cache=False, cmake_clean_first=False, cmake_force_configure=False, cmake_target=None, cmake_target_skip_unavailable=False, continue_on_error=False, event_handlers=None, executor='parallel', ignore_user_meta=False, install_base='install', log_base=None, log_level=None, main=<bound method BuildVerb.main of <colcon_core.verb.build.BuildVerb object at 0x7f4649219e50>>, merge_install=False, metas=['./colcon.meta'], packages_above=None, packages_above_and_dependencies=None, packages_above_depth=None, packages_end=None, packages_ignore=None, packages_ignore_regex=None, packages_select=None, packages_select_build_failed=False, packages_select_by_dep=None, packages_select_regex=None, packages_select_test_failures=False, packages_skip=None, packages_skip_build_finished=False, packages_skip_by_dep=None, packages_skip_regex=None, packages_skip_test_passed=False, packages_skip_up_to=None, packages_start=None, packages_up_to=None, packages_up_to_regex=None, parallel_workers=16, paths=None, symlink_install=False, test_result_base=None, verb_extension=<colcon_core.verb.build.BuildVerb object at 0x7f4649219e50>, verb_name='build', verb_parser=<colcon_defaults.argument_parser.defaults.DefaultArgumentsDecorator object at 0x7f46491446a0>)
[0.301s] Level 1:colcon.colcon_core.package_discovery:discover_packages(colcon_meta) check parameters
[0.301s] Level 1:colcon.colcon_core.package_discovery:discover_packages(recursive) check parameters
[0.301s] Level 1:colcon.colcon_core.package_discovery:discover_packages(ignore) check parameters
[0.301s] Level 1:colcon.colcon_core.package_discovery:discover_packages(path) check parameters
[0.301s] Level 1:colcon.colcon_core.package_discovery:discover_packages(colcon_meta) discover
[0.301s] Level 1:colcon.colcon_core.package_discovery:discover_packages(recursive) discover
[0.301s] INFO:colcon.colcon_core.package_discovery:Crawling recursively for packages in '/home/sezer/FENER/ros2_fener_v2'
[0.301s] Level 1:colcon.colcon_core.package_identification:_identify(.) by extensions ['ignore', 'ignore_ament_install']
[0.301s] Level 1:colcon.colcon_core.package_identification:_identify(.) by extension 'ignore'
[0.301s] Level 1:colcon.colcon_core.package_identification:_identify(.) by extension 'ignore_ament_install'
[0.301s] Level 1:colcon.colcon_core.package_identification:_identify(.) by extensions ['colcon_pkg']
[0.301s] Level 1:colcon.colcon_core.package_identification:_identify(.) by extension 'colcon_pkg'
[0.301s] Level 1:colcon.colcon_core.package_identification:_identify(.) by extensions ['colcon_meta']
[0.301s] Level 1:colcon.colcon_core.package_identification:_identify(.) by extension 'colcon_meta'
[0.301s] Level 1:colcon.colcon_core.package_identification:_identify(.) by extensions ['ros']
[0.301s] Level 1:colcon.colcon_core.package_identification:_identify(.) by extension 'ros'
[0.309s] Level 1:colcon.colcon_core.package_identification:_identify(.) by extensions ['cmake', 'python']
[0.309s] Level 1:colcon.colcon_core.package_identification:_identify(.) by extension 'cmake'
[0.309s] Level 1:colcon.colcon_core.package_identification:_identify(.) by extension 'python'
[0.309s] Level 1:colcon.colcon_core.package_identification:_identify(.) by extensions ['python_setup_py']
[0.309s] Level 1:colcon.colcon_core.package_identification:_identify(.) by extension 'python_setup_py'
[0.310s] Level 1:colcon.colcon_core.package_identification:_identify(build) by extensions ['ignore', 'ignore_ament_install']
[0.310s] Level 1:colcon.colcon_core.package_identification:_identify(build) by extension 'ignore'
[0.310s] Level 1:colcon.colcon_core.package_identification:_identify(build) ignored
[0.310s] Level 1:colcon.colcon_core.package_identification:_identify(install) by extensions ['ignore', 'ignore_ament_install']
[0.310s] Level 1:colcon.colcon_core.package_identification:_identify(install) by extension 'ignore'
[0.310s] Level 1:colcon.colcon_core.package_identification:_identify(install) ignored
[0.310s] Level 1:colcon.colcon_core.package_identification:_identify(log) by extensions ['ignore', 'ignore_ament_install']
[0.310s] Level 1:colcon.colcon_core.package_identification:_identify(log) by extension 'ignore'
[0.310s] Level 1:colcon.colcon_core.package_identification:_identify(log) ignored
[0.310s] Level 1:colcon.colcon_core.package_identification:_identify(src) by extensions ['ignore', 'ignore_ament_install']
[0.310s] Level 1:colcon.colcon_core.package_identification:_identify(src) by extension 'ignore'
[0.310s] Level 1:colcon.colcon_core.package_identification:_identify(src) by extension 'ignore_ament_install'
[0.310s] Level 1:colcon.colcon_core.package_identification:_identify(src) by extensions ['colcon_pkg']
[0.310s] Level 1:colcon.colcon_core.package_identification:_identify(src) by extension 'colcon_pkg'
[0.310s] Level 1:colcon.colcon_core.package_identification:_identify(src) by extensions ['colcon_meta']
[0.310s] Level 1:colcon.colcon_core.package_identification:_identify(src) by extension 'colcon_meta'
[0.310s] Level 1:colcon.colcon_core.package_identification:_identify(src) by extensions ['ros']
[0.310s] Level 1:colcon.colcon_core.package_identification:_identify(src) by extension 'ros'
[0.310s] Level 1:colcon.colcon_core.package_identification:_identify(src) by extensions ['cmake', 'python']
[0.310s] Level 1:colcon.colcon_core.package_identification:_identify(src) by extension 'cmake'
[0.310s] Level 1:colcon.colcon_core.package_identification:_identify(src) by extension 'python'
[0.311s] Level 1:colcon.colcon_core.package_identification:_identify(src) by extensions ['python_setup_py']
[0.311s] Level 1:colcon.colcon_core.package_identification:_identify(src) by extension 'python_setup_py'
[0.311s] Level 1:colcon.colcon_core.package_identification:_identify(src/fener_package_v2) by extensions ['ignore', 'ignore_ament_install']
[0.311s] Level 1:colcon.colcon_core.package_identification:_identify(src/fener_package_v2) by extension 'ignore'
[0.311s] Level 1:colcon.colcon_core.package_identification:_identify(src/fener_package_v2) by extension 'ignore_ament_install'
[0.311s] Level 1:colcon.colcon_core.package_identification:_identify(src/fener_package_v2) by extensions ['colcon_pkg']
[0.311s] Level 1:colcon.colcon_core.package_identification:_identify(src/fener_package_v2) by extension 'colcon_pkg'
[0.311s] Level 1:colcon.colcon_core.package_identification:_identify(src/fener_package_v2) by extensions ['colcon_meta']
[0.311s] Level 1:colcon.colcon_core.package_identification:_identify(src/fener_package_v2) by extension 'colcon_meta'
[0.311s] Level 1:colcon.colcon_core.package_identification:_identify(src/fener_package_v2) by extensions ['ros']
[0.311s] Level 1:colcon.colcon_core.package_identification:_identify(src/fener_package_v2) by extension 'ros'
[0.313s] DEBUG:colcon.colcon_core.package_identification:Package 'src/fener_package_v2' with type 'ros.ament_python' and name 'fener_package_v2'
[0.313s] Level 1:colcon.colcon_core.package_discovery:discover_packages(recursive) using defaults
[0.313s] Level 1:colcon.colcon_core.package_discovery:discover_packages(ignore) discover
[0.313s] Level 1:colcon.colcon_core.package_discovery:discover_packages(ignore) using defaults
[0.313s] Level 1:colcon.colcon_core.package_discovery:discover_packages(path) discover
[0.313s] Level 1:colcon.colcon_core.package_discovery:discover_packages(path) using defaults
[0.343s] Level 5:colcon.colcon_core.verb:set package 'fener_package_v2' build argument 'cmake_args' from command line to 'None'
[0.343s] Level 5:colcon.colcon_core.verb:set package 'fener_package_v2' build argument 'cmake_target' from command line to 'None'
[0.343s] Level 5:colcon.colcon_core.verb:set package 'fener_package_v2' build argument 'cmake_target_skip_unavailable' from command line to 'False'
[0.344s] Level 5:colcon.colcon_core.verb:set package 'fener_package_v2' build argument 'cmake_clean_cache' from command line to 'False'
[0.344s] Level 5:colcon.colcon_core.verb:set package 'fener_package_v2' build argument 'cmake_clean_first' from command line to 'False'
[0.344s] Level 5:colcon.colcon_core.verb:set package 'fener_package_v2' build argument 'cmake_force_configure' from command line to 'False'
[0.344s] Level 5:colcon.colcon_core.verb:set package 'fener_package_v2' build argument 'ament_cmake_args' from command line to 'None'
[0.344s] Level 5:colcon.colcon_core.verb:set package 'fener_package_v2' build argument 'catkin_cmake_args' from command line to 'None'
[0.344s] Level 5:colcon.colcon_core.verb:set package 'fener_package_v2' build argument 'catkin_skip_building_tests' from command line to 'False'
[0.344s] DEBUG:colcon.colcon_core.verb:Building package 'fener_package_v2' with the following arguments: {'ament_cmake_args': None, 'build_base': '/home/sezer/FENER/ros2_fener_v2/build/fener_package_v2', 'catkin_cmake_args': None, 'catkin_skip_building_tests': False, 'cmake_args': None, 'cmake_clean_cache': False, 'cmake_clean_first': False, 'cmake_force_configure': False, 'cmake_target': None, 'cmake_target_skip_unavailable': False, 'install_base': '/home/sezer/FENER/ros2_fener_v2/install/fener_package_v2', 'merge_install': False, 'path': '/home/sezer/FENER/ros2_fener_v2/src/fener_package_v2', 'symlink_install': False, 'test_result_base': None}
[0.348s] INFO:colcon.colcon_core.executor:Executing jobs using 'parallel' executor
[0.350s] DEBUG:colcon.colcon_parallel_executor.executor.parallel:run_until_complete
[0.350s] INFO:colcon.colcon_ros.task.ament_python.build:Building ROS package in '/home/sezer/FENER/ros2_fener_v2/src/fener_package_v2' with build type 'ament_python'
[0.350s] Level 1:colcon.colcon_core.shell:create_environment_hook('fener_package_v2', 'ament_prefix_path')
[0.354s] INFO:colcon.colcon_core.plugin_system:Skipping extension 'colcon_core.shell.bat': Not used on non-Windows systems
[0.355s] INFO:colcon.colcon_core.shell:Creating environment hook '/home/sezer/FENER/ros2_fener_v2/install/fener_package_v2/share/fener_package_v2/hook/ament_prefix_path.ps1'
[0.356s] INFO:colcon.colcon_core.shell:Creating environment descriptor '/home/sezer/FENER/ros2_fener_v2/install/fener_package_v2/share/fener_package_v2/hook/ament_prefix_path.dsv'
[0.356s] INFO:colcon.colcon_core.shell:Creating environment hook '/home/sezer/FENER/ros2_fener_v2/install/fener_package_v2/share/fener_package_v2/hook/ament_prefix_path.sh'
[0.357s] INFO:colcon.colcon_core.shell:Skip shell extension 'powershell' for command environment: Not usable outside of PowerShell
[0.357s] DEBUG:colcon.colcon_core.shell:Skip shell extension 'dsv' for command environment
[0.574s] INFO:colcon.colcon_core.task.python.build:Building Python package in '/home/sezer/FENER/ros2_fener_v2/src/fener_package_v2'
[0.575s] INFO:colcon.colcon_core.shell:Skip shell extension 'powershell' for command environment: Not usable outside of PowerShell
[0.575s] DEBUG:colcon.colcon_core.shell:Skip shell extension 'dsv' for command environment
[1.044s] DEBUG:colcon.colcon_core.event_handler.log_command:Invoking command in '/home/sezer/FENER/ros2_fener_v2/src/fener_package_v2': PYTHONPATH=/home/sezer/FENER/ros2_fener_v2/install/fener_package_v2/lib/python3.8/site-packages:${PYTHONPATH} /usr/bin/python3 setup.py egg_info --egg-base ../../build/fener_package_v2 build --build-base /home/sezer/FENER/ros2_fener_v2/build/fener_package_v2/build install --prefix /home/sezer/FENER/ros2_fener_v2/install/fener_package_v2 --record /home/sezer/FENER/ros2_fener_v2/build/fener_package_v2/install.log --single-version-externally-managed
[1.286s] DEBUG:colcon.colcon_core.event_handler.log_command:Invoked command in '/home/sezer/FENER/ros2_fener_v2/src/fener_package_v2' returned '0': PYTHONPATH=/home/sezer/FENER/ros2_fener_v2/install/fener_package_v2/lib/python3.8/site-packages:${PYTHONPATH} /usr/bin/python3 setup.py egg_info --egg-base ../../build/fener_package_v2 build --build-base /home/sezer/FENER/ros2_fener_v2/build/fener_package_v2/build install --prefix /home/sezer/FENER/ros2_fener_v2/install/fener_package_v2 --record /home/sezer/FENER/ros2_fener_v2/build/fener_package_v2/install.log --single-version-externally-managed
[1.293s] Level 1:colcon.colcon_core.environment:checking '/home/sezer/FENER/ros2_fener_v2/install/fener_package_v2' for CMake module files
[1.293s] Level 1:colcon.colcon_core.environment:checking '/home/sezer/FENER/ros2_fener_v2/install/fener_package_v2' for CMake config files
[1.294s] Level 1:colcon.colcon_core.environment:checking '/home/sezer/FENER/ros2_fener_v2/install/fener_package_v2/lib'
[1.294s] Level 1:colcon.colcon_core.environment:checking '/home/sezer/FENER/ros2_fener_v2/install/fener_package_v2/bin'
[1.294s] Level 1:colcon.colcon_core.environment:checking '/home/sezer/FENER/ros2_fener_v2/install/fener_package_v2/lib/pkgconfig/fener_package_v2.pc'
[1.294s] Level 1:colcon.colcon_core.environment:checking '/home/sezer/FENER/ros2_fener_v2/install/fener_package_v2/lib/python3.8/site-packages'
[1.294s] Level 1:colcon.colcon_core.shell:create_environment_hook('fener_package_v2', 'pythonpath')
[1.295s] INFO:colcon.colcon_core.shell:Creating environment hook '/home/sezer/FENER/ros2_fener_v2/install/fener_package_v2/share/fener_package_v2/hook/pythonpath.ps1'
[1.295s] INFO:colcon.colcon_core.shell:Creating environment descriptor '/home/sezer/FENER/ros2_fener_v2/install/fener_package_v2/share/fener_package_v2/hook/pythonpath.dsv'
[1.295s] INFO:colcon.colcon_core.shell:Creating environment hook '/home/sezer/FENER/ros2_fener_v2/install/fener_package_v2/share/fener_package_v2/hook/pythonpath.sh'
[1.295s] Level 1:colcon.colcon_core.environment:create_environment_scripts_only(fener_package_v2)
[1.296s] INFO:colcon.colcon_core.shell:Creating package script '/home/sezer/FENER/ros2_fener_v2/install/fener_package_v2/share/fener_package_v2/package.ps1'
[1.297s] INFO:colcon.colcon_core.shell:Creating package descriptor '/home/sezer/FENER/ros2_fener_v2/install/fener_package_v2/share/fener_package_v2/package.dsv'
[1.297s] INFO:colcon.colcon_core.shell:Creating package script '/home/sezer/FENER/ros2_fener_v2/install/fener_package_v2/share/fener_package_v2/package.sh'
[1.299s] INFO:colcon.colcon_core.shell:Creating package script '/home/sezer/FENER/ros2_fener_v2/install/fener_package_v2/share/fener_package_v2/package.bash'
[1.300s] INFO:colcon.colcon_core.shell:Creating package script '/home/sezer/FENER/ros2_fener_v2/install/fener_package_v2/share/fener_package_v2/package.zsh'
[1.301s] Level 1:colcon.colcon_core.environment:create_file_with_runtime_dependencies(/home/sezer/FENER/ros2_fener_v2/install/fener_package_v2/share/colcon-core/packages/fener_package_v2)
[1.301s] DEBUG:colcon.colcon_parallel_executor.executor.parallel:closing loop
[1.302s] DEBUG:colcon.colcon_parallel_executor.executor.parallel:loop closed
[1.302s] DEBUG:colcon.colcon_parallel_executor.executor.parallel:run_until_complete finished with '0'
[1.302s] DEBUG:colcon.colcon_core.event_reactor:joining thread
[1.309s] INFO:colcon.colcon_core.plugin_system:Skipping extension 'colcon_notification.desktop_notification.terminal_notifier': Not used on non-Darwin systems
[1.309s] INFO:colcon.colcon_core.plugin_system:Skipping extension 'colcon_notification.desktop_notification.win32': Not used on non-Windows systems
[1.309s] INFO:colcon.colcon_notification.desktop_notification:Sending desktop notification using 'notify2'
[1.321s] DEBUG:colcon.colcon_core.event_reactor:joined thread
[1.321s] INFO:colcon.colcon_core.shell:Creating prefix script '/home/sezer/FENER/ros2_fener_v2/install/local_setup.ps1'
[1.322s] INFO:colcon.colcon_core.shell:Creating prefix util module '/home/sezer/FENER/ros2_fener_v2/install/_local_setup_util_ps1.py'
[1.323s] INFO:colcon.colcon_core.shell:Creating prefix chain script '/home/sezer/FENER/ros2_fener_v2/install/setup.ps1'
[1.324s] INFO:colcon.colcon_core.shell:Creating prefix script '/home/sezer/FENER/ros2_fener_v2/install/local_setup.sh'
[1.324s] INFO:colcon.colcon_core.shell:Creating prefix util module '/home/sezer/FENER/ros2_fener_v2/install/_local_setup_util_sh.py'
[1.325s] INFO:colcon.colcon_core.shell:Creating prefix chain script '/home/sezer/FENER/ros2_fener_v2/install/setup.sh'
[1.326s] INFO:colcon.colcon_core.shell:Creating prefix script '/home/sezer/FENER/ros2_fener_v2/install/local_setup.bash'
[1.326s] INFO:colcon.colcon_core.shell:Creating prefix chain script '/home/sezer/FENER/ros2_fener_v2/install/setup.bash'
[1.327s] INFO:colcon.colcon_core.shell:Creating prefix script '/home/sezer/FENER/ros2_fener_v2/install/local_setup.zsh'
[1.327s] INFO:colcon.colcon_core.shell:Creating prefix chain script '/home/sezer/FENER/ros2_fener_v2/install/setup.zsh'
