[0.587s] Invoking command in '/home/sezer/FENER/ros2_fener_v2/build/fener_package_v2': PYTHONPATH=/home/sezer/FENER/ros2_fener_v2/install/fener_package_v2/lib/python3.8/site-packages:${PYTHONPATH} /usr/bin/python3 setup.py develop --prefix /home/sezer/FENER/ros2_fener_v2/install/fener_package_v2 --uninstall --editable --build-directory /home/sezer/FENER/ros2_fener_v2/build/fener_package_v2/build
[0.765s] /home/sezer/.local/lib/python3.8/site-packages/setuptools/dist.py:723: UserWarning: Usage of dash-separated 'script-dir' will not be supported in future versions. Please use the underscore name 'script_dir' instead
[0.765s]   warnings.warn(
[0.765s] /home/sezer/.local/lib/python3.8/site-packages/setuptools/dist.py:723: UserWarning: Usage of dash-separated 'install-scripts' will not be supported in future versions. Please use the underscore name 'install_scripts' instead
[0.765s]   warnings.warn(
[0.801s] running develop
[0.801s] /home/sezer/.local/lib/python3.8/site-packages/setuptools/command/easy_install.py:156: EasyInstallDeprecationWarning: easy_install command is deprecated. Use build and pip and other standards-based tools.
[0.801s]   warnings.warn(
[0.802s] /home/sezer/.local/lib/python3.8/site-packages/setuptools/command/install.py:34: SetuptoolsDeprecationWarning: setup.py install is deprecated. Use build and pip and other standards-based tools.
[0.802s]   warnings.warn(
[0.851s] /home/sezer/.local/lib/python3.8/site-packages/pkg_resources/__init__.py:116: PkgResourcesDeprecationWarning: 0.23ubuntu1 is an invalid version and will not be supported in a future release
[0.851s]   warnings.warn(
[0.852s] /home/sezer/.local/lib/python3.8/site-packages/pkg_resources/__init__.py:116: PkgResourcesDeprecationWarning: 0.1.36ubuntu1 is an invalid version and will not be supported in a future release
[0.852s]   warnings.warn(
[0.852s] /home/sezer/.local/lib/python3.8/site-packages/pkg_resources/__init__.py:116: PkgResourcesDeprecationWarning: 1.13.1-unknown is an invalid version and will not be supported in a future release
[0.852s]   warnings.warn(
[0.852s] /home/sezer/.local/lib/python3.8/site-packages/pkg_resources/__init__.py:116: PkgResourcesDeprecationWarning: 0.3.11py3 is an invalid version and will not be supported in a future release
[0.852s]   warnings.warn(
[0.960s] Invoked command in '/home/sezer/FENER/ros2_fener_v2/build/fener_package_v2' returned '0': PYTHONPATH=/home/sezer/FENER/ros2_fener_v2/install/fener_package_v2/lib/python3.8/site-packages:${PYTHONPATH} /usr/bin/python3 setup.py develop --prefix /home/sezer/FENER/ros2_fener_v2/install/fener_package_v2 --uninstall --editable --build-directory /home/sezer/FENER/ros2_fener_v2/build/fener_package_v2/build
[0.961s] Invoking command in '/home/sezer/FENER/ros2_fener_v2/src/fener_package_v2': PYTHONPATH=/home/sezer/FENER/ros2_fener_v2/install/fener_package_v2/lib/python3.8/site-packages:${PYTHONPATH} /usr/bin/python3 setup.py egg_info --egg-base ../../build/fener_package_v2 build --build-base /home/sezer/FENER/ros2_fener_v2/build/fener_package_v2/build install --prefix /home/sezer/FENER/ros2_fener_v2/install/fener_package_v2 --record /home/sezer/FENER/ros2_fener_v2/build/fener_package_v2/install.log --single-version-externally-managed
[1.142s] /home/sezer/.local/lib/python3.8/site-packages/setuptools/dist.py:723: UserWarning: Usage of dash-separated 'script-dir' will not be supported in future versions. Please use the underscore name 'script_dir' instead
[1.142s]   warnings.warn(
[1.142s] /home/sezer/.local/lib/python3.8/site-packages/setuptools/dist.py:723: UserWarning: Usage of dash-separated 'install-scripts' will not be supported in future versions. Please use the underscore name 'install_scripts' instead
[1.143s]   warnings.warn(
[1.168s] running egg_info
[1.171s] writing manifest file '../../build/fener_package_v2/fener_package_v2.egg-info/SOURCES.txt'
[1.171s] running build
[1.172s] running build_py
[1.172s] running install
[1.172s] /home/sezer/.local/lib/python3.8/site-packages/setuptools/command/install.py:34: SetuptoolsDeprecationWarning: setup.py install is deprecated. Use build and pip and other standards-based tools.
[1.172s]   warnings.warn(
[1.176s] running install_lib
[1.176s] byte-compiling /home/sezer/FENER/ros2_fener_v2/install/fener_package_v2/lib/python3.8/site-packages/fener_package_v2/__init__.py to __init__.cpython-38.pyc
[1.177s] running install_data
[1.177s] running install_egg_info
[1.178s] Copying ../../build/fener_package_v2/fener_package_v2.egg-info to /home/sezer/FENER/ros2_fener_v2/install/fener_package_v2/lib/python3.8/site-packages/fener_package_v2-0.0.0-py3.8.egg-info
[1.178s] running install_scripts
[1.190s] writing list of installed files to '/home/sezer/FENER/ros2_fener_v2/build/fener_package_v2/install.log'
[1.206s] Invoked command in '/home/sezer/FENER/ros2_fener_v2/src/fener_package_v2' returned '0': PYTHONPATH=/home/sezer/FENER/ros2_fener_v2/install/fener_package_v2/lib/python3.8/site-packages:${PYTHONPATH} /usr/bin/python3 setup.py egg_info --egg-base ../../build/fener_package_v2 build --build-base /home/sezer/FENER/ros2_fener_v2/build/fener_package_v2/build install --prefix /home/sezer/FENER/ros2_fener_v2/install/fener_package_v2 --record /home/sezer/FENER/ros2_fener_v2/build/fener_package_v2/install.log --single-version-externally-managed
