/usr/local/lib/python3.8/dist-packages/setuptools/dist.py:723: UserWarning: Usage of dash-separated 'script-dir' will not be supported in future versions. Please use the underscore name 'script_dir' instead
  warnings.warn(
/usr/local/lib/python3.8/dist-packages/setuptools/dist.py:723: UserWarning: Usage of dash-separated 'install-scripts' will not be supported in future versions. Please use the underscore name 'install_scripts' instead
  warnings.warn(
running egg_info
creating ../../build/fener_package_v2/fener_package_v2.egg-info
writing manifest file '../../build/fener_package_v2/fener_package_v2.egg-info/SOURCES.txt'
writing manifest file '../../build/fener_package_v2/fener_package_v2.egg-info/SOURCES.txt'
running build
running build_py
creating /home/sezer/FENER/ros2_fener_v2/build/fener_package_v2/build
creating /home/sezer/FENER/ros2_fener_v2/build/fener_package_v2/build/lib
creating /home/sezer/FENER/ros2_fener_v2/build/fener_package_v2/build/lib/fener_package_v2
copying fener_package_v2/__init__.py -> /home/sezer/FENER/ros2_fener_v2/build/fener_package_v2/build/lib/fener_package_v2
running install
/usr/local/lib/python3.8/dist-packages/setuptools/command/install.py:34: SetuptoolsDeprecationWarning: setup.py install is deprecated. Use build and pip and other standards-based tools.
  warnings.warn(
running install_lib
creating /home/sezer/FENER/ros2_fener_v2/install/fener_package_v2/lib/python3.8/site-packages/fener_package_v2
byte-compiling /home/sezer/FENER/ros2_fener_v2/install/fener_package_v2/lib/python3.8/site-packages/fener_package_v2/__init__.py to __init__.cpython-38.pyc
running install_data
creating /home/sezer/FENER/ros2_fener_v2/install/fener_package_v2/share/ament_index
creating /home/sezer/FENER/ros2_fener_v2/install/fener_package_v2/share/ament_index/resource_index
creating /home/sezer/FENER/ros2_fener_v2/install/fener_package_v2/share/ament_index/resource_index/packages
copying resource/fener_package_v2 -> /home/sezer/FENER/ros2_fener_v2/install/fener_package_v2/share/ament_index/resource_index/packages
copying package.xml -> /home/sezer/FENER/ros2_fener_v2/install/fener_package_v2/share/fener_package_v2
running install_egg_info
Copying ../../build/fener_package_v2/fener_package_v2.egg-info to /home/sezer/FENER/ros2_fener_v2/install/fener_package_v2/lib/python3.8/site-packages/fener_package_v2-0.0.0-py3.8.egg-info
running install_scripts
writing list of installed files to '/home/sezer/FENER/ros2_fener_v2/build/fener_package_v2/install.log'
